<?xml version="1.0" encoding="UTF-8"?>
<!-- Generated by org.testng.reporters.JUnitXMLReporter -->
<testsuite ignored="0" hostname="DESKTOP-802VLA7" failures="0" tests="3" name="Default test" time="0.912" errors="0" timestamp="2024-07-22T08:29:37 IST">
  <testcase classname="Datadrivenexcel.Exceldataprovider.Dataprovider" name="testCaseData" time="0.01"/>
  <testcase classname="Datadrivenexcel.Exceldataprovider.Dataprovider" name="testCaseData" time="0.002"/>
  <testcase classname="Datadrivenexcel.Exceldataprovider.Dataprovider" name="testCaseData" time="0.002"/>
</testsuite> <!-- Default test -->
