<?xml version="1.0" encoding="UTF-8"?>
<testng-results ignored="0" total="3" passed="3" failed="0" skipped="0">
  <reporter-output>
  </reporter-output>
  <suite started-at="2024-07-22T08:29:36 IST" name="Default suite" finished-at="2024-07-22T08:29:37 IST" duration-ms="912">
    <groups>
    </groups>
    <test started-at="2024-07-22T08:29:36 IST" name="Default test" finished-at="2024-07-22T08:29:37 IST" duration-ms="912">
      <class name="Datadrivenexcel.Exceldataprovider.Dataprovider">
        <test-method signature="testCaseData(java.lang.String,java.lang.String,java.lang.String)[pri:0, instance:Datadrivenexcel.Exceldataprovider.Dataprovider@dd05255]" started-at="2024-07-22T08:29:37 IST" name="testCaseData" data-provider="driverTest" finished-at="2024-07-22T08:29:37 IST" duration-ms="10" status="PASS">
          <params>
            <param index="0">
              <value>
                <![CDATA[Hello One]]>
              </value>
            </param>
            <param index="1">
              <value>
                <![CDATA[Text One]]>
              </value>
            </param>
            <param index="2">
              <value>
                <![CDATA[1]]>
              </value>
            </param>
          </params>
          <reporter-output>
          </reporter-output>
        </test-method> <!-- testCaseData -->
        <test-method signature="testCaseData(java.lang.String,java.lang.String,java.lang.String)[pri:0, instance:Datadrivenexcel.Exceldataprovider.Dataprovider@dd05255]" started-at="2024-07-22T08:29:37 IST" name="testCaseData" data-provider="driverTest" finished-at="2024-07-22T08:29:37 IST" duration-ms="2" status="PASS">
          <params>
            <param index="0">
              <value>
                <![CDATA[Hello Two]]>
              </value>
            </param>
            <param index="1">
              <value>
                <![CDATA[Text Two]]>
              </value>
            </param>
            <param index="2">
              <value>
                <![CDATA[2]]>
              </value>
            </param>
          </params>
          <reporter-output>
          </reporter-output>
        </test-method> <!-- testCaseData -->
        <test-method signature="testCaseData(java.lang.String,java.lang.String,java.lang.String)[pri:0, instance:Datadrivenexcel.Exceldataprovider.Dataprovider@dd05255]" started-at="2024-07-22T08:29:37 IST" name="testCaseData" data-provider="driverTest" finished-at="2024-07-22T08:29:37 IST" duration-ms="2" status="PASS">
          <params>
            <param index="0">
              <value>
                <![CDATA[Hello Three]]>
              </value>
            </param>
            <param index="1">
              <value>
                <![CDATA[Text Three]]>
              </value>
            </param>
            <param index="2">
              <value>
                <![CDATA[3]]>
              </value>
            </param>
          </params>
          <reporter-output>
          </reporter-output>
        </test-method> <!-- testCaseData -->
      </class> <!-- Datadrivenexcel.Exceldataprovider.Dataprovider -->
    </test> <!-- Default test -->
  </suite> <!-- Default suite -->
</testng-results>
